{"/Users/federicobucchi/Desktop/globalwin/globalwin.js":{"path":"/Users/federicobucchi/Desktop/globalwin/globalwin.js","s":{"1":1,"2":3,"3":0,"4":3,"5":3,"6":1,"7":1,"8":1,"9":1,"10":3,"11":0,"12":0,"13":3,"14":0,"15":3,"16":0,"17":3,"18":1},"b":{"1":[1,2],"2":[1,0],"3":[1,0]},"f":{"1":3,"2":0,"3":3,"4":0,"5":0,"6":0},"fnMap":{"1":{"name":"GlobalWin","line":1,"loc":{"start":{"line":1,"column":-15},"end":{"line":1,"column":28}}},"2":{"name":"(anonymous_2)","line":8,"loc":{"start":{"line":8,"column":17},"end":{"line":8,"column":27}}},"3":{"name":"(anonymous_3)","line":14,"loc":{"start":{"line":14,"column":25},"end":{"line":14,"column":42}}},"4":{"name":"(anonymous_4)","line":34,"loc":{"start":{"line":34,"column":20},"end":{"line":34,"column":30}}},"5":{"name":"(anonymous_5)","line":44,"loc":{"start":{"line":44,"column":23},"end":{"line":44,"column":33}}},"6":{"name":"(anonymous_6)","line":50,"loc":{"start":{"line":50,"column":22},"end":{"line":50,"column":32}}}},"statementMap":{"1":{"start":{"line":1,"column":-15},"end":{"line":58,"column":1}},"2":{"start":{"line":3,"column":2},"end":{"line":14,"column":2}},"3":{"start":{"line":10,"column":4},"end":{"line":12,"column":2}},"4":{"start":{"line":14,"column":2},"end":{"line":34,"column":2}},"5":{"start":{"line":16,"column":4},"end":{"line":30,"column":5}},"6":{"start":{"line":18,"column":6},"end":{"line":22,"column":7}},"7":{"start":{"line":20,"column":8},"end":{"line":20,"column":39}},"8":{"start":{"line":24,"column":6},"end":{"line":28,"column":7}},"9":{"start":{"line":26,"column":8},"end":{"line":26,"column":33}},"10":{"start":{"line":34,"column":2},"end":{"line":44,"column":2}},"11":{"start":{"line":36,"column":4},"end":{"line":38,"column":4}},"12":{"start":{"line":38,"column":4},"end":{"line":40,"column":7}},"13":{"start":{"line":44,"column":2},"end":{"line":50,"column":2}},"14":{"start":{"line":46,"column":4},"end":{"line":46,"column":44}},"15":{"start":{"line":50,"column":2},"end":{"line":56,"column":2}},"16":{"start":{"line":52,"column":4},"end":{"line":52,"column":42}},"17":{"start":{"line":56,"column":2},"end":{"line":58,"column":0}},"18":{"start":{"line":60,"column":0},"end":{"line":60,"column":37}}},"branchMap":{"1":{"line":16,"type":"if","locations":[{"start":{"line":16,"column":4},"end":{"line":16,"column":4}},{"start":{"line":16,"column":4},"end":{"line":16,"column":4}}]},"2":{"line":18,"type":"if","locations":[{"start":{"line":18,"column":6},"end":{"line":18,"column":6}},{"start":{"line":18,"column":6},"end":{"line":18,"column":6}}]},"3":{"line":24,"type":"if","locations":[{"start":{"line":24,"column":6},"end":{"line":24,"column":6}},{"start":{"line":24,"column":6},"end":{"line":24,"column":6}}]}}}}