TN:
SF:/Users/federicobucchi/Desktop/globalwin/globalwin.js
FN:1,GlobalWin
FN:8,(anonymous_2)
FN:14,(anonymous_3)
FN:34,(anonymous_4)
FN:44,(anonymous_5)
FN:50,(anonymous_6)
FNF:6
FNH:2
FNDA:3,GlobalWin
FNDA:0,(anonymous_2)
FNDA:3,(anonymous_3)
FNDA:0,(anonymous_4)
FNDA:0,(anonymous_5)
FNDA:0,(anonymous_6)
DA:1,1
DA:3,3
DA:10,0
DA:14,3
DA:16,3
DA:18,1
DA:20,1
DA:24,1
DA:26,1
DA:34,3
DA:36,0
DA:38,0
DA:44,3
DA:46,0
DA:50,3
DA:52,0
DA:56,3
DA:60,1
LF:18
LH:13
BRDA:16,1,0,1
BRDA:16,1,1,2
BRDA:18,2,0,1
BRDA:18,2,1,0
BRDA:24,3,0,1
BRDA:24,3,1,0
BRF:6
BRH:4
end_of_record
